d:\desktop\moldmachine\moldmachine\moldmachine\x64\debug\imagesetting.obj
d:\desktop\moldmachine\moldmachine\moldmachine\x64\debug\moc_imagesetting.obj
d:\desktop\moldmachine\moldmachine\moldmachine\x64\debug\ioservice.obj
d:\desktop\moldmachine\moldmachine\moldmachine\x64\debug\qrc_moldmachine.obj
d:\desktop\moldmachine\moldmachine\moldmachine\x64\debug\moc_moldmachine.obj
d:\desktop\moldmachine\moldmachine\moldmachine\x64\debug\moldmachine.obj
d:\desktop\moldmachine\moldmachine\moldmachine\x64\debug\main.obj
d:\desktop\moldmachine\moldmachine\moldmachine\x64\debug\moc_ioservice.obj
d:\desktop\moldmachine\moldmachine\moldmachine\x64\debug\vc140.pdb
d:\desktop\moldmachine\moldmachine\moldmachine\x64\debug\cameradrive.obj
d:\desktop\moldmachine\moldmachine\moldmachine\x64\debug\cyclesetting.obj
d:\desktop\moldmachine\moldmachine\moldmachine\x64\debug\moc_cyclesetting.obj
d:\desktop\moldmachine\moldmachine\moldmachine\x64\debug\ioserviceinit.obj
d:\desktop\moldmachine\moldmachine\moldmachine\x64\debug\imageprocessing.obj
d:\desktop\moldmachine\moldmachine\moldmachine\x64\debug\mysqlsetting.obj
d:\desktop\moldmachine\moldmachine\moldmachine\x64\debug\parameterinit.obj
d:\desktop\moldmachine\moldmachine\moldmachine\x64\debug\cyclestepsetting.obj
d:\desktop\moldmachine\moldmachine\moldmachine\x64\debug\moc_cyclestepsetting.obj
d:\desktop\moldmachine\moldmachine\moldmachine\x64\debug\delaysetting.obj
d:\desktop\moldmachine\moldmachine\moldmachine\x64\debug\moc_countersetting.obj
d:\desktop\moldmachine\moldmachine\moldmachine\x64\debug\countersetting.obj
d:\desktop\moldmachine\moldmachine\moldmachine\x64\debug\moc_delaysetting.obj
d:\desktop\moldmachine\moldmachine\moldmachine\x64\debug\runningstepthread.obj
d:\desktop\moldmachine\moldmachine\moldmachine\x64\debug\moc_runningstepthread.obj
d:\desktop\moldmachine\moldmachine\x64\debug\moldmachine.ilk
d:\desktop\moldmachine\moldmachine\x64\debug\moldmachine.exe
d:\desktop\moldmachine\moldmachine\x64\debug\moldmachine.pdb
d:\desktop\moldmachine\moldmachine\moldmachine\x64\debug\\moc\moc_moldmachine.cpp
d:\desktop\moldmachine\moldmachine\moldmachine\x64\debug\\moc\moc_ioservice.cpp
d:\desktop\moldmachine\moldmachine\moldmachine\x64\debug\\moc\moc_imagesetting.cpp
d:\desktop\moldmachine\moldmachine\moldmachine\x64\debug\\moc\moc_cyclesetting.cpp
d:\desktop\moldmachine\moldmachine\moldmachine\x64\debug\\moc\moc_cyclestepsetting.cpp
d:\desktop\moldmachine\moldmachine\moldmachine\x64\debug\\moc\moc_countersetting.cpp
d:\desktop\moldmachine\moldmachine\moldmachine\x64\debug\\moc\moc_delaysetting.cpp
d:\desktop\moldmachine\moldmachine\moldmachine\x64\debug\\moc\moc_runningstepthread.cpp
d:\desktop\moldmachine\moldmachine\moldmachine\x64\debug\uic\ui_imagesetting.h
d:\desktop\moldmachine\moldmachine\moldmachine\x64\debug\uic\ui_ioservice.h
d:\desktop\moldmachine\moldmachine\moldmachine\x64\debug\uic\ui_moldmachine.h
d:\desktop\moldmachine\moldmachine\moldmachine\x64\debug\rcc\qrc_moldmachine.cpp
d:\desktop\moldmachine\moldmachine\moldmachine\x64\debug\moc\moc_moldmachine.cpp
d:\desktop\moldmachine\moldmachine\moldmachine\x64\debug\moc\moc_ioservice.cpp
d:\desktop\moldmachine\moldmachine\moldmachine\x64\debug\moc\moc_imagesetting.cpp
d:\desktop\moldmachine\moldmachine\moldmachine\x64\debug\uic\ui_cyclesetting.h
d:\desktop\moldmachine\moldmachine\moldmachine\x64\debug\moc\moc_cyclesetting.cpp
d:\desktop\moldmachine\moldmachine\moldmachine\x64\debug\uic\ui_cyclestepsetting.h
d:\desktop\moldmachine\moldmachine\moldmachine\x64\debug\moc\moc_cyclestepsetting.cpp
d:\desktop\moldmachine\moldmachine\moldmachine\x64\debug\uic\ui_counters.h
d:\desktop\moldmachine\moldmachine\moldmachine\x64\debug\uic\ui_delaysetting.h
d:\desktop\moldmachine\moldmachine\moldmachine\x64\debug\moc\moc_countersetting.cpp
d:\desktop\moldmachine\moldmachine\moldmachine\x64\debug\moc\moc_delaysetting.cpp
d:\desktop\moldmachine\moldmachine\moldmachine\x64\debug\moc\moc_runningstepthread.cpp
d:\desktop\moldmachine\moldmachine\moldmachine\x64\debug\\rcc\qrc_moldmachine.cpp
d:\desktop\moldmachine\moldmachine\moldmachine\x64\debug\\uic\ui_counters.h
d:\desktop\moldmachine\moldmachine\moldmachine\x64\debug\\uic\ui_cyclesetting.h
d:\desktop\moldmachine\moldmachine\moldmachine\x64\debug\\uic\ui_cyclestepsetting.h
d:\desktop\moldmachine\moldmachine\moldmachine\x64\debug\\uic\ui_delaysetting.h
d:\desktop\moldmachine\moldmachine\moldmachine\x64\debug\\uic\ui_imagesetting.h
d:\desktop\moldmachine\moldmachine\moldmachine\x64\debug\\uic\ui_ioservice.h
d:\desktop\moldmachine\moldmachine\moldmachine\x64\debug\\uic\ui_moldmachine.h
c:\users\lx\desktop\moldmachine\moldmachine\moldmachine\x64\debug\cameradrive.obj
c:\users\lx\desktop\moldmachine\moldmachine\moldmachine\x64\debug\countersetting.obj
c:\users\lx\desktop\moldmachine\moldmachine\moldmachine\x64\debug\cyclesetting.obj
c:\users\lx\desktop\moldmachine\moldmachine\moldmachine\x64\debug\cyclestepsetting.obj
c:\users\lx\desktop\moldmachine\moldmachine\moldmachine\x64\debug\delaysetting.obj
c:\users\lx\desktop\moldmachine\moldmachine\moldmachine\x64\debug\imageprocessing.obj
c:\users\lx\desktop\moldmachine\moldmachine\moldmachine\x64\debug\imagesetting.obj
c:\users\lx\desktop\moldmachine\moldmachine\moldmachine\x64\debug\ioservice.obj
c:\users\lx\desktop\moldmachine\moldmachine\moldmachine\x64\debug\ioserviceinit.obj
c:\users\lx\desktop\moldmachine\moldmachine\moldmachine\x64\debug\main.obj
c:\users\lx\desktop\moldmachine\moldmachine\moldmachine\x64\debug\moc_countersetting.obj
c:\users\lx\desktop\moldmachine\moldmachine\moldmachine\x64\debug\moc_cyclesetting.obj
c:\users\lx\desktop\moldmachine\moldmachine\moldmachine\x64\debug\moc_cyclestepsetting.obj
c:\users\lx\desktop\moldmachine\moldmachine\moldmachine\x64\debug\moc_delaysetting.obj
c:\users\lx\desktop\moldmachine\moldmachine\moldmachine\x64\debug\moc_imagesetting.obj
c:\users\lx\desktop\moldmachine\moldmachine\moldmachine\x64\debug\moc_ioservice.obj
c:\users\lx\desktop\moldmachine\moldmachine\moldmachine\x64\debug\moc_moldmachine.obj
c:\users\lx\desktop\moldmachine\moldmachine\moldmachine\x64\debug\moc_runningstepthread.obj
c:\users\lx\desktop\moldmachine\moldmachine\moldmachine\x64\debug\moldmachine.obj
c:\users\lx\desktop\moldmachine\moldmachine\moldmachine\x64\debug\mysqlsetting.obj
c:\users\lx\desktop\moldmachine\moldmachine\moldmachine\x64\debug\parameterinit.obj
c:\users\lx\desktop\moldmachine\moldmachine\moldmachine\x64\debug\qrc_moldmachine.obj
c:\users\lx\desktop\moldmachine\moldmachine\moldmachine\x64\debug\runningstepthread.obj
c:\users\lx\desktop\moldmachine\moldmachine\moldmachine\x64\debug\vc140.pdb
c:\users\lx\desktop\moldmachine\moldmachine\x64\debug\moldmachine.pdb
c:\users\lx\desktop\moldmachine\moldmachine\x64\debug\moldmachine.exe
c:\users\lx\desktop\moldmachine\moldmachine\x64\debug\moldmachine.ilk
c:\users\lx\desktop\moldmachine\moldmachine\moldmachine\x64\debug\moldmachine.tlog\cl.command.1.tlog
c:\users\lx\desktop\moldmachine\moldmachine\moldmachine\x64\debug\moldmachine.tlog\cl.read.1.tlog
c:\users\lx\desktop\moldmachine\moldmachine\moldmachine\x64\debug\moldmachine.tlog\cl.write.1.tlog
c:\users\lx\desktop\moldmachine\moldmachine\moldmachine\x64\debug\moldmachine.tlog\link.command.1.tlog
c:\users\lx\desktop\moldmachine\moldmachine\moldmachine\x64\debug\moldmachine.tlog\link.read.1.tlog
c:\users\lx\desktop\moldmachine\moldmachine\moldmachine\x64\debug\moldmachine.tlog\link.write.1.tlog
c:\users\lx\desktop\moldmachine\moldmachine\moldmachine\x64\debug\moldmachine.tlog\moc.read.1u.tlog
c:\users\lx\desktop\moldmachine\moldmachine\moldmachine\x64\debug\moldmachine.tlog\moc.write.1u.tlog
c:\users\lx\desktop\moldmachine\moldmachine\moldmachine\x64\debug\moldmachine.tlog\moldmachine.write.1u.tlog
c:\users\lx\desktop\moldmachine\moldmachine\moldmachine\x64\debug\moldmachine.tlog\rcc.read.1u.tlog
c:\users\lx\desktop\moldmachine\moldmachine\moldmachine\x64\debug\moldmachine.tlog\rcc.write.1u.tlog
c:\users\lx\desktop\moldmachine\moldmachine\moldmachine\x64\debug\moldmachine.tlog\uic.read.1u.tlog
c:\users\lx\desktop\moldmachine\moldmachine\moldmachine\x64\debug\moldmachine.tlog\uic.write.1u.tlog
